[2025-06-05 10:00:12] INFO  Starting service on port 8080
[2025-06-05 10:00:13] INFO  Connected to database at 127.0.0.1:5432
[2025-06-05 10:00:14] INFO  Environment: production
[2025-06-05 10:00:15] DEBUG Loaded configuration file: config.yml
[2025-06-05 10:00:16] INFO  Health check: OK
[2025-06-05 10:00:20] INFO  Received request: POST /api/v1/login
[2025-06-05 10:00:20] DEBUG Request payload: {"username": "admin", "password": "hunter2"}
[2025-06-05 10:00:21] INFO  Auth success for user admin
[2025-06-05 10:00:30] INFO  Received request: GET /api/v1/profile
[2025-06-05 10:00:30] DEBUG Auth token: Bearer abcdef1234567890abcdef
[2025-06-05 10:00:32] INFO  Request processed in 34ms
[2025-06-05 10:00:35] INFO  Scheduled job 'backup' started
[2025-06-05 10:00:35] INFO  Backup target: /var/backups/app
[2025-06-05 10:00:40] INFO  Received request: POST /api/v1/api-key
[2025-06-05 10:00:40] DEBUG Generated API key for user 'alice': sk_live_78tghasdhb7126asdad
[2025-06-05 10:00:41] INFO  Key creation successful
[2025-06-05 10:00:50] WARN  High memory usage detected
[2025-06-05 10:00:55] INFO  Received request: GET /api/v1/report
[2025-06-05 10:00:55] DEBUG Report parameters: {"date": "2025-06-01", "format": "csv"}
[2025-06-05 10:00:56] INFO  Report generated successfully
[2025-06-05 10:01:00] INFO  Received request: POST /api/v1/login
[2025-06-05 10:01:00] DEBUG Request payload: {"username": "bob", "password": "12345678"}
[2025-06-05 10:01:01] INFO  Auth failed for user bob
[2025-06-05 10:01:05] INFO  Received request: DELETE /api/v1/user
[2025-06-05 10:01:05] DEBUG Payload: {"user_id": "789", "confirmed": true}
[2025-06-05 10:01:06] INFO  User 789 deleted by admin
[2025-06-05 10:01:10] INFO  Received request: POST /api/v1/settings
[2025-06-05 10:01:10] DEBUG Payload: {"email": "test@example.com", "password": "qwerty123!"}
[2025-06-05 10:01:11] INFO  Settings updated
[2025-06-05 10:01:15] INFO  Gracefully shutting down
[2025-06-05 10:01:16] INFO  Service stopped